<?xml version="1.0" encoding="UTF-8"?>
<!-- Generated by org.testng.reporters.JUnitReportReporter -->
<testsuite skipped="0" hostname="Mamathas-MBP" name="com.ios.fastip.testcases.TestCases" tests="3" failures="0" timestamp="08 Sep 2019 09:32:10 GMT" time="35.268" errors="0">
  <testcase name="testBillAmount" time="6.779" classname="com.ios.fastip.testcases.TestCases"/>
  <testcase name="testtipPercentageChangedisReflectedInHomeScreen" time="13.096" classname="com.ios.fastip.testcases.TestCases"/>
  <testcase name="testPercentageShouldthrowAlertWhenStringisEntered" time="15.393" classname="com.ios.fastip.testcases.TestCases"/>
</testsuite> <!-- com.ios.fastip.testcases.TestCases -->
