<?xml version="1.0" encoding="UTF-8"?>
<!-- Generated by org.testng.reporters.JUnitReportReporter -->
<testsuite skipped="0" hostname="Mamathas-MBP" name="com.ios.fastip.testcases.login" tests="3" failures="0" timestamp="07 Sep 2019 10:13:54 GMT" time="30.968" errors="0">
  <testcase name="testBillAmount" time="7.357" classname="com.ios.fastip.testcases.login"/>
  <testcase name="testtipPercentageChangedisReflectedInHomeScreen123" time="11.548" classname="com.ios.fastip.testcases.login"/>
  <testcase name="testtipPercentageChangedisReflectedInHomeScreen" time="12.063" classname="com.ios.fastip.testcases.login"/>
</testsuite> <!-- com.ios.fastip.testcases.login -->
